{"/Users/edgarpabon/workspace/sales_tracker/frontend/src/App.css": {"path":"/Users/edgarpabon/workspace/sales_tracker/frontend/src/App.css","statementMap":{},"fnMap":{},"branchMap":{},"s":{},"f":{},"b":{},"meta":{"lastBranch":0,"lastFunction":0,"lastStatement":0,"seen":{}}}
,"/Users/edgarpabon/workspace/sales_tracker/frontend/src/App.tsx": {"path":"/Users/edgarpabon/workspace/sales_tracker/frontend/src/App.tsx","statementMap":{"0":{"start":{"line":4,"column":2},"end":{"line":9,"column":null}}},"fnMap":{"0":{"name":"App","decl":{"start":{"line":3,"column":9},"end":{"line":3,"column":15}},"loc":{"start":{"line":3,"column":15},"end":{"line":11,"column":null}},"line":3}},"branchMap":{},"s":{"0":1},"f":{"0":1},"b":{},"meta":{"lastBranch":0,"lastFunction":1,"lastStatement":1,"seen":{"f:3:9:3:15":0,"s:4:2:9:Infinity":0}}}
,"/Users/edgarpabon/workspace/sales_tracker/frontend/src/index.css": {"path":"/Users/edgarpabon/workspace/sales_tracker/frontend/src/index.css","statementMap":{},"fnMap":{},"branchMap":{},"s":{},"f":{},"b":{},"meta":{"lastBranch":0,"lastFunction":0,"lastStatement":0,"seen":{}}}
,"/Users/edgarpabon/workspace/sales_tracker/frontend/src/main.tsx": {"path":"/Users/edgarpabon/workspace/sales_tracker/frontend/src/main.tsx","statementMap":{"0":{"start":{"line":6,"column":0},"end":{"line":10,"column":null}}},"fnMap":{},"branchMap":{},"s":{"0":0},"f":{},"b":{},"meta":{"lastBranch":0,"lastFunction":0,"lastStatement":1,"seen":{"s:6:0:10:Infinity":0}}}
,"/Users/edgarpabon/workspace/sales_tracker/frontend/src/api/index.ts": {"path":"/Users/edgarpabon/workspace/sales_tracker/frontend/src/api/index.ts","statementMap":{},"fnMap":{},"branchMap":{},"s":{},"f":{},"b":{},"meta":{"lastBranch":0,"lastFunction":0,"lastStatement":0,"seen":{}}}
,"/Users/edgarpabon/workspace/sales_tracker/frontend/src/api/get/index.ts": {"path":"/Users/edgarpabon/workspace/sales_tracker/frontend/src/api/get/index.ts","statementMap":{},"fnMap":{},"branchMap":{},"s":{},"f":{},"b":{},"meta":{"lastBranch":0,"lastFunction":0,"lastStatement":0,"seen":{}}}
,"/Users/edgarpabon/workspace/sales_tracker/frontend/src/api/get/pieChart.ts": {"path":"/Users/edgarpabon/workspace/sales_tracker/frontend/src/api/get/pieChart.ts","statementMap":{"0":{"start":{"line":4,"column":27},"end":{"line":17,"column":null}},"1":{"start":{"line":8,"column":19},"end":{"line":8,"column":null}},"2":{"start":{"line":9,"column":19},"end":{"line":9,"column":null}},"3":{"start":{"line":10,"column":4},"end":{"line":14,"column":null}},"4":{"start":{"line":11,"column":8},"end":{"line":11,"column":null}},"5":{"start":{"line":13,"column":8},"end":{"line":13,"column":null}},"6":{"start":{"line":16,"column":4},"end":{"line":16,"column":null}}},"fnMap":{"0":{"name":"(anonymous_0)","decl":{"start":{"line":4,"column":27},"end":{"line":4,"column":null}},"loc":{"start":{"line":7,"column":42},"end":{"line":17,"column":null}},"line":7}},"branchMap":{"0":{"loc":{"start":{"line":5,"column":4},"end":{"line":5,"column":null}},"type":"default-arg","locations":[{"start":{"line":5,"column":20},"end":{"line":5,"column":null}}],"line":5},"1":{"loc":{"start":{"line":6,"column":4},"end":{"line":6,"column":null}},"type":"default-arg","locations":[{"start":{"line":6,"column":18},"end":{"line":6,"column":null}}],"line":6}},"s":{"0":0,"1":0,"2":0,"3":0,"4":0,"5":0,"6":0},"f":{"0":0},"b":{"0":[0],"1":[0]},"meta":{"lastBranch":2,"lastFunction":1,"lastStatement":7,"seen":{"s:4:27:17:Infinity":0,"f:4:27:4:Infinity":0,"b:5:20:5:Infinity":0,"b:6:18:6:Infinity":1,"s:8:19:8:Infinity":1,"s:9:19:9:Infinity":2,"s:10:4:14:Infinity":3,"s:11:8:11:Infinity":4,"s:13:8:13:Infinity":5,"s:16:4:16:Infinity":6}}}
,"/Users/edgarpabon/workspace/sales_tracker/frontend/src/assets/react.svg": {"path":"/Users/edgarpabon/workspace/sales_tracker/frontend/src/assets/react.svg","statementMap":{},"fnMap":{},"branchMap":{},"s":{},"f":{},"b":{},"meta":{"lastBranch":0,"lastFunction":0,"lastStatement":0,"seen":{}}}
,"/Users/edgarpabon/workspace/sales_tracker/frontend/src/components/index.ts": {"path":"/Users/edgarpabon/workspace/sales_tracker/frontend/src/components/index.ts","statementMap":{},"fnMap":{},"branchMap":{},"s":{},"f":{},"b":{},"meta":{"lastBranch":0,"lastFunction":0,"lastStatement":0,"seen":{}}}
,"/Users/edgarpabon/workspace/sales_tracker/frontend/src/components/boxes/Card.tsx": {"path":"/Users/edgarpabon/workspace/sales_tracker/frontend/src/components/boxes/Card.tsx","statementMap":{"0":{"start":{"line":3,"column":41},"end":{"line":9,"column":null}},"1":{"start":{"line":4,"column":4},"end":{"line":7,"column":null}}},"fnMap":{"0":{"name":"(anonymous_0)","decl":{"start":{"line":3,"column":41},"end":{"line":3,"column":42}},"loc":{"start":{"line":3,"column":72},"end":{"line":9,"column":null}},"line":3}},"branchMap":{},"s":{"0":0,"1":0},"f":{"0":0},"b":{},"meta":{"lastBranch":0,"lastFunction":1,"lastStatement":2,"seen":{"s:3:41:9:Infinity":0,"f:3:41:3:42":0,"s:4:4:7:Infinity":1}}}
,"/Users/edgarpabon/workspace/sales_tracker/frontend/src/components/boxes/index.ts": {"path":"/Users/edgarpabon/workspace/sales_tracker/frontend/src/components/boxes/index.ts","statementMap":{},"fnMap":{},"branchMap":{},"s":{},"f":{},"b":{},"meta":{"lastBranch":0,"lastFunction":0,"lastStatement":0,"seen":{}}}
,"/Users/edgarpabon/workspace/sales_tracker/frontend/src/components/buttons/Button.tsx": {"path":"/Users/edgarpabon/workspace/sales_tracker/frontend/src/components/buttons/Button.tsx","statementMap":{"0":{"start":{"line":3,"column":45},"end":{"line":8,"column":null}},"1":{"start":{"line":4,"column":4},"end":{"line":7,"column":null}}},"fnMap":{"0":{"name":"(anonymous_0)","decl":{"start":{"line":3,"column":45},"end":{"line":3,"column":46}},"loc":{"start":{"line":3,"column":76},"end":{"line":8,"column":null}},"line":3}},"branchMap":{},"s":{"0":0,"1":0},"f":{"0":0},"b":{},"meta":{"lastBranch":0,"lastFunction":1,"lastStatement":2,"seen":{"s:3:45:8:Infinity":0,"f:3:45:3:46":0,"s:4:4:7:Infinity":1}}}
,"/Users/edgarpabon/workspace/sales_tracker/frontend/src/components/buttons/index.ts": {"path":"/Users/edgarpabon/workspace/sales_tracker/frontend/src/components/buttons/index.ts","statementMap":{},"fnMap":{},"branchMap":{},"s":{},"f":{},"b":{},"meta":{"lastBranch":0,"lastFunction":0,"lastStatement":0,"seen":{}}}
,"/Users/edgarpabon/workspace/sales_tracker/frontend/src/components/charts/CategoryPieChart.tsx": {"path":"/Users/edgarpabon/workspace/sales_tracker/frontend/src/components/charts/CategoryPieChart.tsx","statementMap":{"0":{"start":{"line":6,"column":65},"end":{"line":56,"column":null}},"1":{"start":{"line":16,"column":20},"end":{"line":16,"column":null}},"2":{"start":{"line":17,"column":32},"end":{"line":32,"column":null}},"3":{"start":{"line":18,"column":6},"end":{"line":20,"column":null}},"4":{"start":{"line":19,"column":8},"end":{"line":19,"column":null}},"5":{"start":{"line":21,"column":21},"end":{"line":21,"column":null}},"6":{"start":{"line":22,"column":18},"end":{"line":22,"column":null}},"7":{"start":{"line":23,"column":16},"end":{"line":23,"column":null}},"8":{"start":{"line":24,"column":18},"end":{"line":24,"column":null}},"9":{"start":{"line":25,"column":16},"end":{"line":25,"column":null}},"10":{"start":{"line":27,"column":6},"end":{"line":30,"column":null}},"11":{"start":{"line":33,"column":4},"end":{"line":54,"column":null}},"12":{"start":{"line":48,"column":16},"end":{"line":51,"column":null}}},"fnMap":{"0":{"name":"(anonymous_0)","decl":{"start":{"line":6,"column":65},"end":{"line":6,"column":66}},"loc":{"start":{"line":15,"column":26},"end":{"line":56,"column":null}},"line":15},"1":{"name":"(anonymous_1)","decl":{"start":{"line":17,"column":32},"end":{"line":17,"column":33}},"loc":{"start":{"line":17,"column":120},"end":{"line":32,"column":null}},"line":17},"2":{"name":"(anonymous_2)","decl":{"start":{"line":47,"column":22},"end":{"line":47,"column":23}},"loc":{"start":{"line":48,"column":16},"end":{"line":51,"column":null}},"line":48}},"branchMap":{"0":{"loc":{"start":{"line":7,"column":4},"end":{"line":7,"column":null}},"type":"default-arg","locations":[{"start":{"line":7,"column":24},"end":{"line":7,"column":null}}],"line":7},"1":{"loc":{"start":{"line":8,"column":4},"end":{"line":8,"column":null}},"type":"default-arg","locations":[{"start":{"line":8,"column":11},"end":{"line":8,"column":null}}],"line":8},"2":{"loc":{"start":{"line":9,"column":4},"end":{"line":9,"column":null}},"type":"default-arg","locations":[{"start":{"line":9,"column":16},"end":{"line":9,"column":null}}],"line":9},"3":{"loc":{"start":{"line":10,"column":4},"end":{"line":10,"column":null}},"type":"default-arg","locations":[{"start":{"line":10,"column":12},"end":{"line":10,"column":null}}],"line":10},"4":{"loc":{"start":{"line":11,"column":4},"end":{"line":11,"column":null}},"type":"default-arg","locations":[{"start":{"line":11,"column":11},"end":{"line":11,"column":null}}],"line":11},"5":{"loc":{"start":{"line":12,"column":4},"end":{"line":12,"column":null}},"type":"default-arg","locations":[{"start":{"line":12,"column":16},"end":{"line":12,"column":null}}],"line":12},"6":{"loc":{"start":{"line":13,"column":4},"end":{"line":13,"column":null}},"type":"default-arg","locations":[{"start":{"line":13,"column":16},"end":{"line":13,"column":null}}],"line":13},"7":{"loc":{"start":{"line":18,"column":6},"end":{"line":20,"column":null}},"type":"if","locations":[{"start":{"line":18,"column":6},"end":{"line":20,"column":null}},{"start":{},"end":{}}],"line":18},"8":{"loc":{"start":{"line":18,"column":10},"end":{"line":18,"column":82}},"type":"binary-expr","locations":[{"start":{"line":18,"column":10},"end":{"line":18,"column":24}},{"start":{"line":18,"column":24},"end":{"line":18,"column":38}},{"start":{"line":18,"column":38},"end":{"line":18,"column":61}},{"start":{"line":18,"column":61},"end":{"line":18,"column":82}}],"line":18},"9":{"loc":{"start":{"line":23,"column":42},"end":{"line":23,"column":59}},"type":"binary-expr","locations":[{"start":{"line":23,"column":42},"end":{"line":23,"column":54}},{"start":{"line":23,"column":54},"end":{"line":23,"column":59}}],"line":23},"10":{"loc":{"start":{"line":25,"column":42},"end":{"line":25,"column":59}},"type":"binary-expr","locations":[{"start":{"line":25,"column":42},"end":{"line":25,"column":54}},{"start":{"line":25,"column":54},"end":{"line":25,"column":59}}],"line":25},"11":{"loc":{"start":{"line":28,"column":55},"end":{"line":28,"column":82}},"type":"cond-expr","locations":[{"start":{"line":28,"column":65},"end":{"line":28,"column":75}},{"start":{"line":28,"column":75},"end":{"line":28,"column":82}}],"line":28},"12":{"loc":{"start":{"line":29,"column":25},"end":{"line":29,"column":41}},"type":"binary-expr","locations":[{"start":{"line":29,"column":25},"end":{"line":29,"column":36}},{"start":{"line":29,"column":36},"end":{"line":29,"column":41}}],"line":29},"13":{"loc":{"start":{"line":42,"column":21},"end":{"line":42,"column":null}},"type":"binary-expr","locations":[{"start":{"line":42,"column":21},"end":{"line":42,"column":42}},{"start":{"line":42,"column":42},"end":{"line":42,"column":null}}],"line":42}},"s":{"0":0,"1":0,"2":0,"3":0,"4":0,"5":0,"6":0,"7":0,"8":0,"9":0,"10":0,"11":0,"12":0},"f":{"0":0,"1":0,"2":0},"b":{"0":[0],"1":[0],"2":[0],"3":[0],"4":[0],"5":[0],"6":[0],"7":[0,0],"8":[0,0,0,0],"9":[0,0],"10":[0,0],"11":[0,0],"12":[0,0],"13":[0,0]},"meta":{"lastBranch":14,"lastFunction":3,"lastStatement":13,"seen":{"s:6:65:56:Infinity":0,"f:6:65:6:66":0,"b:7:24:7:Infinity":0,"b:8:11:8:Infinity":1,"b:9:16:9:Infinity":2,"b:10:12:10:Infinity":3,"b:11:11:11:Infinity":4,"b:12:16:12:Infinity":5,"b:13:16:13:Infinity":6,"s:16:20:16:Infinity":1,"s:17:32:32:Infinity":2,"f:17:32:17:33":1,"b:18:6:20:Infinity:undefined:undefined:undefined:undefined":7,"s:18:6:20:Infinity":3,"b:18:10:18:24:18:24:18:38:18:38:18:61:18:61:18:82":8,"s:19:8:19:Infinity":4,"s:21:21:21:Infinity":5,"s:22:18:22:Infinity":6,"s:23:16:23:Infinity":7,"b:23:42:23:54:23:54:23:59":9,"s:24:18:24:Infinity":8,"s:25:16:25:Infinity":9,"b:25:42:25:54:25:54:25:59":10,"s:27:6:30:Infinity":10,"b:28:65:28:75:28:75:28:82":11,"b:29:25:29:36:29:36:29:41":12,"s:33:4:54:Infinity":11,"b:42:21:42:42:42:42:42:Infinity":13,"f:47:22:47:23":2,"s:48:16:51:Infinity":12}}}
,"/Users/edgarpabon/workspace/sales_tracker/frontend/src/components/charts/index.ts": {"path":"/Users/edgarpabon/workspace/sales_tracker/frontend/src/components/charts/index.ts","statementMap":{},"fnMap":{},"branchMap":{},"s":{},"f":{},"b":{},"meta":{"lastBranch":0,"lastFunction":0,"lastStatement":0,"seen":{}}}
,"/Users/edgarpabon/workspace/sales_tracker/frontend/src/components/forms/CategoryPieChartDateForm.tsx": {"path":"/Users/edgarpabon/workspace/sales_tracker/frontend/src/components/forms/CategoryPieChartDateForm.tsx","statementMap":{"0":{"start":{"line":3,"column":81},"end":{"line":5,"column":null}},"1":{"start":{"line":4,"column":4},"end":{"line":4,"column":null}}},"fnMap":{"0":{"name":"(anonymous_0)","decl":{"start":{"line":3,"column":81},"end":{"line":3,"column":107}},"loc":{"start":{"line":3,"column":107},"end":{"line":5,"column":null}},"line":3}},"branchMap":{},"s":{"0":0,"1":0},"f":{"0":0},"b":{},"meta":{"lastBranch":0,"lastFunction":1,"lastStatement":2,"seen":{"s:3:81:5:Infinity":0,"f:3:81:3:107":0,"s:4:4:4:Infinity":1}}}
,"/Users/edgarpabon/workspace/sales_tracker/frontend/src/components/forms/index.ts": {"path":"/Users/edgarpabon/workspace/sales_tracker/frontend/src/components/forms/index.ts","statementMap":{},"fnMap":{},"branchMap":{},"s":{},"f":{},"b":{},"meta":{"lastBranch":0,"lastFunction":0,"lastStatement":0,"seen":{}}}
,"/Users/edgarpabon/workspace/sales_tracker/frontend/src/constants/api.ts": {"path":"/Users/edgarpabon/workspace/sales_tracker/frontend/src/constants/api.ts","statementMap":{"0":{"start":{"line":1,"column":31},"end":{"line":1,"column":null}},"1":{"start":{"line":2,"column":29},"end":{"line":2,"column":null}}},"fnMap":{},"branchMap":{},"s":{"0":0,"1":0},"f":{},"b":{},"meta":{"lastBranch":0,"lastFunction":0,"lastStatement":2,"seen":{"s:1:31:1:Infinity":0,"s:2:29:2:Infinity":1}}}
,"/Users/edgarpabon/workspace/sales_tracker/frontend/src/constants/chart.ts": {"path":"/Users/edgarpabon/workspace/sales_tracker/frontend/src/constants/chart.ts","statementMap":{"0":{"start":{"line":1,"column":22},"end":{"line":1,"column":null}},"1":{"start":{"line":2,"column":22},"end":{"line":2,"column":null}}},"fnMap":{},"branchMap":{},"s":{"0":0,"1":0},"f":{},"b":{},"meta":{"lastBranch":0,"lastFunction":0,"lastStatement":2,"seen":{"s:1:22:1:Infinity":0,"s:2:22:2:Infinity":1}}}
,"/Users/edgarpabon/workspace/sales_tracker/frontend/src/constants/index.ts": {"path":"/Users/edgarpabon/workspace/sales_tracker/frontend/src/constants/index.ts","statementMap":{},"fnMap":{},"branchMap":{},"s":{},"f":{},"b":{},"meta":{"lastBranch":0,"lastFunction":0,"lastStatement":0,"seen":{}}}
,"/Users/edgarpabon/workspace/sales_tracker/frontend/src/interfaces/api.ts": {"path":"/Users/edgarpabon/workspace/sales_tracker/frontend/src/interfaces/api.ts","statementMap":{},"fnMap":{},"branchMap":{},"s":{},"f":{},"b":{},"meta":{"lastBranch":0,"lastFunction":0,"lastStatement":0,"seen":{}}}
,"/Users/edgarpabon/workspace/sales_tracker/frontend/src/interfaces/components.ts": {"path":"/Users/edgarpabon/workspace/sales_tracker/frontend/src/interfaces/components.ts","statementMap":{},"fnMap":{},"branchMap":{},"s":{},"f":{},"b":{},"meta":{"lastBranch":0,"lastFunction":0,"lastStatement":0,"seen":{}}}
,"/Users/edgarpabon/workspace/sales_tracker/frontend/src/interfaces/index.ts": {"path":"/Users/edgarpabon/workspace/sales_tracker/frontend/src/interfaces/index.ts","statementMap":{},"fnMap":{},"branchMap":{},"s":{},"f":{},"b":{},"meta":{"lastBranch":0,"lastFunction":0,"lastStatement":0,"seen":{}}}
}
